<?xml version="1.0" encoding="UTF-8"?>
<testng-results skipped="0" failed="0" ignored="0" total="1" passed="1">
  <reporter-output>
  </reporter-output>
  <suite name="Default suite" duration-ms="7668" started-at="2018-07-27T16:54:44Z" finished-at="2018-07-27T16:54:52Z">
    <groups>
    </groups>
    <test name="Default test" duration-ms="7668" started-at="2018-07-27T16:54:44Z" finished-at="2018-07-27T16:54:52Z">
      <class name="example.NewTest">
        <test-method status="PASS" signature="beforeTest()[pri:0, instance:example.NewTest@5622fdf]" name="beforeTest" is-config="true" duration-ms="2045" started-at="2018-07-27T16:54:44Z" finished-at="2018-07-27T16:54:46Z">
          <reporter-output>
          </reporter-output>
        </test-method> <!-- beforeTest -->
        <test-method status="PASS" signature="testEasy()[pri:0, instance:example.NewTest@5622fdf]" name="testEasy" duration-ms="5508" started-at="2018-07-27T16:54:46Z" finished-at="2018-07-27T16:54:52Z">
          <reporter-output>
          </reporter-output>
        </test-method> <!-- testEasy -->
        <test-method status="PASS" signature="afterTest()[pri:0, instance:example.NewTest@5622fdf]" name="afterTest" is-config="true" duration-ms="80" started-at="2018-07-27T16:54:52Z" finished-at="2018-07-27T16:54:52Z">
          <reporter-output>
          </reporter-output>
        </test-method> <!-- afterTest -->
      </class> <!-- example.NewTest -->
    </test> <!-- Default test -->
  </suite> <!-- Default suite -->
</testng-results>
